c:\users\student\documents\visual studio 2015\2dgame\directx01\debug\vc140.pdb
c:\users\student\documents\visual studio 2015\2dgame\directx01\debug\vc140.idb
c:\users\student\documents\visual studio 2015\2dgame\directx01\debug\bg.obj
c:\users\student\documents\visual studio 2015\2dgame\directx01\debug\bullet.obj
c:\users\student\documents\visual studio 2015\2dgame\directx01\debug\enemy.obj
c:\users\student\documents\visual studio 2015\2dgame\directx01\debug\explosion.obj
c:\users\student\documents\visual studio 2015\2dgame\directx01\debug\fade.obj
c:\users\student\documents\visual studio 2015\2dgame\directx01\debug\game.obj
c:\users\student\documents\visual studio 2015\2dgame\directx01\debug\input.obj
c:\users\student\documents\visual studio 2015\2dgame\directx01\debug\main.obj
c:\users\student\documents\visual studio 2015\2dgame\directx01\debug\player.obj
c:\users\student\documents\visual studio 2015\2dgame\directx01\debug\result.obj
c:\users\student\documents\visual studio 2015\2dgame\directx01\debug\score.obj
c:\users\student\documents\visual studio 2015\2dgame\directx01\debug\sound.obj
c:\users\student\documents\visual studio 2015\2dgame\directx01\debug\title.obj
c:\users\student\documents\visual studio 2015\2dgame\directx01\debug\directx01.ilk
c:\users\student\documents\visual studio 2015\2dgame\directx01\debug\directx01.exe
c:\users\student\documents\visual studio 2015\2dgame\directx01\debug\directx01.pdb
c:\users\student\documents\visual studio 2015\2dgame\directx01\debug\fade.obj.enc
c:\users\student\documents\visual studio 2015\2dgame\directx01\debug\directx01.tlog\cl.command.1.tlog
c:\users\student\documents\visual studio 2015\2dgame\directx01\debug\directx01.tlog\cl.read.1.tlog
c:\users\student\documents\visual studio 2015\2dgame\directx01\debug\directx01.tlog\cl.write.1.tlog
c:\users\student\documents\visual studio 2015\2dgame\directx01\debug\directx01.tlog\link.command.1.tlog
c:\users\student\documents\visual studio 2015\2dgame\directx01\debug\directx01.tlog\link.read.1.tlog
c:\users\student\documents\visual studio 2015\2dgame\directx01\debug\directx01.tlog\link.write.1.tlog
