  bg.cpp
  boss_parts.cpp
  bullet.cpp
  effect.cpp
  enemy.cpp
  game.cpp
  life.cpp
  manager.cpp
  particle.cpp
  player.cpp
  result.cpp
  title.cpp
  tutorial.cpp
  コード生成しています。
  34 of 342 functions ( 9.9%) were compiled, the rest were copied from previous compilation.
    12 functions were new in current compilation
    31 functions had inline decision re-evaluated but remain unchanged
  コード生成が終了しました。
  C++_Shooting_02.vcxproj -> C:\Users\student\Desktop\C++\Shooting\10_早坂大輝\開発環境\Release\C++_Shooting_02.exe
  C++_Shooting_02.vcxproj -> C:\Users\student\Desktop\C++\Shooting\10_早坂大輝\開発環境\Release\C++_Shooting_02.pdb (Full PDB)
