  animation.cpp
  bg.cpp
  boss_parts.cpp
  bullet.cpp
bullet.cpp(384): warning C4101: 'fAngleDest': ローカル変数は 1 度も使われていません。
  effect.cpp
  enemy.cpp
  explosion.cpp
  fade.cpp
  game.cpp
  life.cpp
  logo.cpp
  main.cpp
  manager.cpp
  number.cpp
  pause.cpp
  player.cpp
  polygon.cpp
  renderer.cpp
  result.cpp
  scene.cpp
  コンパイル中...
  scene2D.cpp
  score.cpp
  title.cpp
  コード生成しています。
  119 of 300 functions (39.7%) were compiled, the rest were copied from previous compilation.
    20 functions were new in current compilation
    52 functions had inline decision re-evaluated but remain unchanged
  コード生成が終了しました。
  C++_Shooting_02.vcxproj -> C:\Users\student\Desktop\C++\Shooting\10_早坂大輝\開発環境\C++_Shooting_02\Release\C++_Shooting_02.exe
  C++_Shooting_02.vcxproj -> C:\Users\student\Desktop\C++\Shooting\10_早坂大輝\開発環境\C++_Shooting_02\Release\C++_Shooting_02.pdb (Full PDB)
