  tutorial.cpp
  title.cpp
  sound.cpp
  score.cpp
  scene2D.cpp
  scene.cpp
  result.cpp
  renderer.cpp
  polygon.cpp
  player.cpp
  pause.cpp
  number.cpp
  manager.cpp
  main.cpp
  logo.cpp
  life.cpp
  Input_Keyboard.cpp
  input.cpp
  game.cpp
  fade.cpp
  コードを生成中...
  コンパイル中...
  explosion.cpp
  enemy.cpp
  effect.cpp
  bullet.cpp
c:\users\student\desktop\c++\shooting\10_早坂大輝\開発環境\bullet.cpp(384): warning C4101: 'fAngleDest': ローカル変数は 1 度も使われていません。
  boss_parts.cpp
  bg.cpp
  animation.cpp
  コードを生成中...
title.obj : error LNK2001: 外部シンボル "D3DXCreateTextureFromFileA" は未解決です。
tutorial.obj : error LNK2001: 外部シンボル "D3DXCreateTextureFromFileA" は未解決です。
logo.obj : error LNK2001: 外部シンボル "D3DXCreateTextureFromFileA" は未解決です。
number.obj : error LNK2001: 外部シンボル "D3DXCreateTextureFromFileA" は未解決です。
player.obj : error LNK2001: 外部シンボル "D3DXCreateTextureFromFileA" は未解決です。
result.obj : error LNK2001: 外部シンボル "D3DXCreateTextureFromFileA" は未解決です。
effect.obj : error LNK2001: 外部シンボル "D3DXCreateTextureFromFileA" は未解決です。
enemy.obj : error LNK2001: 外部シンボル "D3DXCreateTextureFromFileA" は未解決です。
explosion.obj : error LNK2001: 外部シンボル "D3DXCreateTextureFromFileA" は未解決です。
life.obj : error LNK2001: 外部シンボル "D3DXCreateTextureFromFileA" は未解決です。
animation.obj : error LNK2001: 外部シンボル "D3DXCreateTextureFromFileA" は未解決です。
bg.obj : error LNK2001: 外部シンボル "D3DXCreateTextureFromFileA" は未解決です。
boss_parts.obj : error LNK2001: 外部シンボル "D3DXCreateTextureFromFileA" は未解決です。
bullet.obj : error LNK2001: 外部シンボル "D3DXCreateTextureFromFileA" は未解決です。
input.obj : error LNK2019: 未解決の外部シンボル DirectInput8Create が関数 "public: virtual long __cdecl CInput::Init(struct HINSTANCE__ *,struct HWND__ *)" (?Init@CInput@@UEAAJPEAUHINSTANCE__@@PEAUHWND__@@@Z) で参照されました。
input.obj : error LNK2001: 外部シンボル "IID_IDirectInput8A" は未解決です。
Input_Keyboard.obj : error LNK2001: 外部シンボル "GUID_SysKeyboard" は未解決です。
Input_Keyboard.obj : error LNK2001: 外部シンボル "c_dfDIKeyboard" は未解決です。
renderer.obj : error LNK2019: 未解決の外部シンボル Direct3DCreate9 が関数 "public: long __cdecl CRenderer::Init(struct HWND__ *,int)" (?Init@CRenderer@@QEAAJPEAUHWND__@@H@Z) で参照されました。
renderer.obj : error LNK2019: 未解決の外部シンボル D3DXCreateFontA が関数 "public: long __cdecl CRenderer::Init(struct HWND__ *,int)" (?Init@CRenderer@@QEAAJPEAUHWND__@@H@Z) で参照されました。
C:\Program Files (x86)\Microsoft DirectX SDK (June 2010)\Lib\x86\d3d9.lib : warning LNK4272: ライブラリのコンピューターの種類 'X86' がターゲットのコンピューターの種類' x64' と競合しています
C:\Program Files (x86)\Microsoft DirectX SDK (June 2010)\Lib\x86\d3dx9.lib : warning LNK4272: ライブラリのコンピューターの種類 'X86' がターゲットのコンピューターの種類' x64' と競合しています
C:\Program Files (x86)\Microsoft DirectX SDK (June 2010)\Lib\x86\dxguid.lib : warning LNK4272: ライブラリのコンピューターの種類 'X86' がターゲットのコンピューターの種類' x64' と競合しています
C:\Program Files (x86)\Microsoft DirectX SDK (June 2010)\Lib\x86\dinput8.lib : warning LNK4272: ライブラリのコンピューターの種類 'X86' がターゲットのコンピューターの種類' x64' と競合しています
C:\Users\student\Desktop\C++\Shooting\10_早坂大輝\開発環境\x64\Debug\C++_Shooting_02.exe : fatal error LNK1120: 7 件の未解決の外部参照
